<?xml version="1.0" encoding="UTF-8"?>
<testng-results skipped="0" failed="0" ignored="0" total="0" passed="0">
  <reporter-output>
  </reporter-output>
  <suite name="GigatronGoogleSearch" duration-ms="10" started-at="2021-06-26T17:48:13 CEST" finished-at="2021-06-26T17:48:13 CEST">
    <groups>
    </groups>
    <test name="Command line test" duration-ms="10" started-at="2021-06-26T17:48:13 CEST" finished-at="2021-06-26T17:48:13 CEST">
    </test> <!-- Command line test -->
  </suite> <!-- GigatronGoogleSearch -->
</testng-results>
